[2026-02-27T22:10:00.145+0000] {local_task_job_runner.py:120} INFO - ::group::Pre task execution logs
[2026-02-27T22:10:00.151+0000] {taskinstance.py:2076} INFO - Dependencies all met for dep_context=non-requeueable deps ti=<TaskInstance: Loan_Default_Prediction.evaluate_task manual__2026-02-27T22:09:54.907917+00:00 [queued]>
[2026-02-27T22:10:00.153+0000] {taskinstance.py:2076} INFO - Dependencies all met for dep_context=requeueable deps ti=<TaskInstance: Loan_Default_Prediction.evaluate_task manual__2026-02-27T22:09:54.907917+00:00 [queued]>
[2026-02-27T22:10:00.154+0000] {taskinstance.py:2306} INFO - Starting attempt 1 of 2
[2026-02-27T22:10:00.157+0000] {taskinstance.py:2330} INFO - Executing <Task(PythonOperator): evaluate_task> on 2026-02-27 22:09:54.907917+00:00
[2026-02-27T22:10:00.160+0000] {warnings.py:112} WARNING - /home/***/.local/lib/python3.12/site-packages/***/task/task_runner/standard_task_runner.py:61: DeprecationWarning: This process (pid=155) is multi-threaded, use of fork() may lead to deadlocks in the child.
  pid = os.fork()

[2026-02-27T22:10:00.161+0000] {standard_task_runner.py:63} INFO - Started process 167 to run task
[2026-02-27T22:10:00.161+0000] {standard_task_runner.py:90} INFO - Running: ['***', 'tasks', 'run', 'Loan_Default_Prediction', 'evaluate_task', 'manual__2026-02-27T22:09:54.907917+00:00', '--job-id', '6', '--raw', '--subdir', 'DAGS_FOLDER/loan_dag.py', '--cfg-path', '/tmp/tmplsohsn7r']
[2026-02-27T22:10:00.162+0000] {standard_task_runner.py:91} INFO - Job 6: Subtask evaluate_task
[2026-02-27T22:10:00.175+0000] {task_command.py:426} INFO - Running <TaskInstance: Loan_Default_Prediction.evaluate_task manual__2026-02-27T22:09:54.907917+00:00 [running]> on host a1a110c5ec07
[2026-02-27T22:10:00.200+0000] {taskinstance.py:2648} INFO - Exporting env vars: AIRFLOW_CTX_DAG_OWNER='balaji' AIRFLOW_CTX_DAG_ID='Loan_Default_Prediction' AIRFLOW_CTX_TASK_ID='evaluate_task' AIRFLOW_CTX_EXECUTION_DATE='2026-02-27T22:09:54.907917+00:00' AIRFLOW_CTX_TRY_NUMBER='1' AIRFLOW_CTX_DAG_RUN_ID='manual__2026-02-27T22:09:54.907917+00:00'
[2026-02-27T22:10:00.200+0000] {taskinstance.py:430} INFO - ::endgroup::
[2026-02-27T22:10:00.205+0000] {logging_mixin.py:188} INFO - ==================================================
[2026-02-27T22:10:00.205+0000] {logging_mixin.py:188} INFO - TASK 4: Evaluating Model
[2026-02-27T22:10:00.205+0000] {logging_mixin.py:188} INFO - ==================================================
[2026-02-27T22:10:00.213+0000] {logging_mixin.py:188} INFO - ✓ Model loaded from /opt/***/dags/model/loan_model.pkl
[2026-02-27T22:10:00.213+0000] {logging_mixin.py:188} INFO - 
📊 RESULTS:
[2026-02-27T22:10:00.213+0000] {logging_mixin.py:188} INFO -   Training Accuracy: 100.00%
[2026-02-27T22:10:00.213+0000] {logging_mixin.py:188} INFO -   Test Accuracy: 100.00%
[2026-02-27T22:10:00.213+0000] {logging_mixin.py:188} INFO - 
📋 Confusion Matrix:
[2026-02-27T22:10:00.214+0000] {logging_mixin.py:188} INFO -   [[4 0]
 [0 2]]
[2026-02-27T22:10:00.214+0000] {logging_mixin.py:188} INFO - 
📈 Classification Report:
[2026-02-27T22:10:00.214+0000] {logging_mixin.py:188} INFO -               precision    recall  f1-score   support

  No Default       1.00      1.00      1.00         4
     Default       1.00      1.00      1.00         2

    accuracy                           1.00         6
   macro avg       1.00      1.00      1.00         6
weighted avg       1.00      1.00      1.00         6
[2026-02-27T22:10:00.214+0000] {logging_mixin.py:188} INFO - 
🎯 Feature Importance Ranking:
[2026-02-27T22:10:00.214+0000] {logging_mixin.py:188} INFO -   1. income: 0.2200
[2026-02-27T22:10:00.214+0000] {logging_mixin.py:188} INFO -   2. employment_years: 0.1600
[2026-02-27T22:10:00.214+0000] {logging_mixin.py:188} INFO -   3. debt_to_income: 0.1600
[2026-02-27T22:10:00.214+0000] {logging_mixin.py:188} INFO -   4. age: 0.1300
[2026-02-27T22:10:00.214+0000] {logging_mixin.py:188} INFO -   5. loan_amount: 0.1300
[2026-02-27T22:10:00.214+0000] {logging_mixin.py:188} INFO -   6. credit_score: 0.1300
[2026-02-27T22:10:00.214+0000] {logging_mixin.py:188} INFO -   7. previous_defaults: 0.0700
[2026-02-27T22:10:00.214+0000] {logging_mixin.py:188} INFO -   8. loan_purpose_encoded: 0.0000
[2026-02-27T22:10:00.214+0000] {python.py:237} INFO - Done. Returned value was: Test Accuracy: 100.00%
[2026-02-27T22:10:00.214+0000] {taskinstance.py:441} INFO - ::group::Post task execution logs
[2026-02-27T22:10:00.220+0000] {taskinstance.py:1206} INFO - Marking task as SUCCESS. dag_id=Loan_Default_Prediction, task_id=evaluate_task, run_id=manual__2026-02-27T22:09:54.907917+00:00, execution_date=20260227T220954, start_date=20260227T221000, end_date=20260227T221000
[2026-02-27T22:10:00.258+0000] {local_task_job_runner.py:240} INFO - Task exited with return code 0
[2026-02-27T22:10:00.263+0000] {taskinstance.py:3503} INFO - 0 downstream tasks scheduled from follow-on schedule check
[2026-02-27T22:10:00.263+0000] {local_task_job_runner.py:222} INFO - ::endgroup::
