[2026-02-27T22:08:14.709+0000] {manager.py:470} INFO - Processing files using up to 2 processes at a time 
[2026-02-27T22:08:14.710+0000] {manager.py:471} INFO - Process each file at most once every 30 seconds
[2026-02-27T22:08:14.710+0000] {manager.py:472} INFO - Checking for new files in /opt/airflow/dags every 300 seconds
[2026-02-27T22:08:14.710+0000] {manager.py:737} INFO - Searching for files in /opt/airflow/dags
[2026-02-27T22:08:14.719+0000] {manager.py:740} INFO - There are 2 files in /opt/airflow/dags
[2026-02-27T22:08:14.798+0000] {manager.py:878} INFO - 
================================================================================
DAG File Processing Stats

File Path                            PID  Runtime      # DAGs    # Errors  Last Runtime    Last Run
---------------------------------  -----  ---------  --------  ----------  --------------  ----------
/opt/airflow/dags/loan_dag.py         71  0.04s             0           0
/opt/airflow/dags/src/pipeline.py     72  0.03s             0           0
================================================================================
[2026-02-27T22:08:45.584+0000] {manager.py:878} INFO - 
================================================================================
DAG File Processing Stats

File Path                          PID    Runtime      # DAGs    # Errors  Last Runtime    Last Run
---------------------------------  -----  ---------  --------  ----------  --------------  -------------------
/opt/airflow/dags/loan_dag.py                               1           0  1.74s           2026-02-27T22:08:16
/opt/airflow/dags/src/pipeline.py                           0           0  1.56s           2026-02-27T22:08:16
================================================================================
[2026-02-27T22:09:15.703+0000] {manager.py:878} INFO - 
================================================================================
DAG File Processing Stats

File Path                          PID    Runtime      # DAGs    # Errors  Last Runtime    Last Run
---------------------------------  -----  ---------  --------  ----------  --------------  -------------------
/opt/airflow/dags/loan_dag.py                               1           0  0.82s           2026-02-27T22:08:47
/opt/airflow/dags/src/pipeline.py                           0           0  0.79s           2026-02-27T22:08:47
================================================================================
[2026-02-27T22:09:45.719+0000] {manager.py:878} INFO - 
================================================================================
DAG File Processing Stats

File Path                          PID    Runtime      # DAGs    # Errors  Last Runtime    Last Run
---------------------------------  -----  ---------  --------  ----------  --------------  -------------------
/opt/airflow/dags/loan_dag.py                               1           0  0.74s           2026-02-27T22:09:18
/opt/airflow/dags/src/pipeline.py                           0           0  0.70s           2026-02-27T22:09:18
================================================================================
[2026-02-27T22:10:16.641+0000] {manager.py:878} INFO - 
================================================================================
DAG File Processing Stats

File Path                          PID    Runtime      # DAGs    # Errors  Last Runtime    Last Run
---------------------------------  -----  ---------  --------  ----------  --------------  -------------------
/opt/airflow/dags/loan_dag.py                               1           0  0.66s           2026-02-27T22:09:49
/opt/airflow/dags/src/pipeline.py                           0           0  0.63s           2026-02-27T22:09:49
================================================================================
[2026-02-27T22:10:47.643+0000] {manager.py:878} INFO - 
================================================================================
DAG File Processing Stats

File Path                          PID    Runtime      # DAGs    # Errors  Last Runtime    Last Run
---------------------------------  -----  ---------  --------  ----------  --------------  -------------------
/opt/airflow/dags/loan_dag.py                               1           0  0.72s           2026-02-27T22:10:20
/opt/airflow/dags/src/pipeline.py                           0           0  0.68s           2026-02-27T22:10:20
================================================================================
[2026-02-27T22:11:17.701+0000] {manager.py:878} INFO - 
================================================================================
DAG File Processing Stats

File Path                          PID    Runtime      # DAGs    # Errors  Last Runtime    Last Run
---------------------------------  -----  ---------  --------  ----------  --------------  -------------------
/opt/airflow/dags/loan_dag.py                               1           0  0.77s           2026-02-27T22:10:51
/opt/airflow/dags/src/pipeline.py                           0           0  0.74s           2026-02-27T22:10:51
================================================================================
[2026-02-27T22:11:47.711+0000] {manager.py:878} INFO - 
================================================================================
DAG File Processing Stats

File Path                          PID    Runtime      # DAGs    # Errors  Last Runtime    Last Run
---------------------------------  -----  ---------  --------  ----------  --------------  -------------------
/opt/airflow/dags/loan_dag.py                               1           0  0.78s           2026-02-27T22:11:22
/opt/airflow/dags/src/pipeline.py                           0           0  0.74s           2026-02-27T22:11:22
================================================================================
[2026-02-27T22:12:17.718+0000] {manager.py:878} INFO - 
================================================================================
DAG File Processing Stats

File Path                          PID    Runtime      # DAGs    # Errors  Last Runtime    Last Run
---------------------------------  -----  ---------  --------  ----------  --------------  -------------------
/opt/airflow/dags/loan_dag.py                               1           0  0.75s           2026-02-27T22:11:53
/opt/airflow/dags/src/pipeline.py                           0           0  0.71s           2026-02-27T22:11:53
================================================================================
[2026-02-27T22:12:47.888+0000] {manager.py:878} INFO - 
================================================================================
DAG File Processing Stats

File Path                          PID    Runtime      # DAGs    # Errors  Last Runtime    Last Run
---------------------------------  -----  ---------  --------  ----------  --------------  -------------------
/opt/airflow/dags/loan_dag.py                               1           0  0.93s           2026-02-27T22:12:24
/opt/airflow/dags/src/pipeline.py                           0           0  0.90s           2026-02-27T22:12:24
================================================================================
[2026-02-27T22:13:14.974+0000] {manager.py:737} INFO - Searching for files in /opt/airflow/dags
[2026-02-27T22:13:14.992+0000] {manager.py:740} INFO - There are 2 files in /opt/airflow/dags
[2026-02-27T22:13:18.027+0000] {manager.py:878} INFO - 
================================================================================
DAG File Processing Stats

File Path                          PID    Runtime      # DAGs    # Errors  Last Runtime    Last Run
---------------------------------  -----  ---------  --------  ----------  --------------  -------------------
/opt/airflow/dags/loan_dag.py                               1           0  0.81s           2026-02-27T22:12:55
/opt/airflow/dags/src/pipeline.py                           0           0  0.78s           2026-02-27T22:12:55
================================================================================
[2026-02-27T22:13:48.053+0000] {manager.py:878} INFO - 
================================================================================
DAG File Processing Stats

File Path                          PID    Runtime      # DAGs    # Errors  Last Runtime    Last Run
---------------------------------  -----  ---------  --------  ----------  --------------  -------------------
/opt/airflow/dags/loan_dag.py                               1           0  0.79s           2026-02-27T22:13:26
/opt/airflow/dags/src/pipeline.py                           0           0  0.77s           2026-02-27T22:13:26
================================================================================
[2026-02-27T22:14:18.159+0000] {manager.py:878} INFO - 
================================================================================
DAG File Processing Stats

File Path                          PID    Runtime      # DAGs    # Errors  Last Runtime    Last Run
---------------------------------  -----  ---------  --------  ----------  --------------  -------------------
/opt/airflow/dags/loan_dag.py                               1           0  0.90s           2026-02-27T22:13:58
/opt/airflow/dags/src/pipeline.py                           0           0  0.86s           2026-02-27T22:13:58
================================================================================
[2026-02-27T22:14:49.164+0000] {manager.py:878} INFO - 
================================================================================
DAG File Processing Stats

File Path                          PID    Runtime      # DAGs    # Errors  Last Runtime    Last Run
---------------------------------  -----  ---------  --------  ----------  --------------  -------------------
/opt/airflow/dags/loan_dag.py                               1           0  0.76s           2026-02-27T22:14:29
/opt/airflow/dags/src/pipeline.py                           0           0  0.73s           2026-02-27T22:14:29
================================================================================
[2026-02-27T22:15:20.171+0000] {manager.py:878} INFO - 
================================================================================
DAG File Processing Stats

File Path                          PID    Runtime      # DAGs    # Errors  Last Runtime    Last Run
---------------------------------  -----  ---------  --------  ----------  --------------  -------------------
/opt/airflow/dags/loan_dag.py                               1           0  0.77s           2026-02-27T22:15:00
/opt/airflow/dags/src/pipeline.py                           0           0  0.74s           2026-02-27T22:15:00
================================================================================
[2026-02-27T22:15:50.212+0000] {manager.py:878} INFO - 
================================================================================
DAG File Processing Stats

File Path                          PID    Runtime      # DAGs    # Errors  Last Runtime    Last Run
---------------------------------  -----  ---------  --------  ----------  --------------  -------------------
/opt/airflow/dags/loan_dag.py                               1           0  0.78s           2026-02-27T22:15:31
/opt/airflow/dags/src/pipeline.py                           0           0  0.74s           2026-02-27T22:15:31
================================================================================
[2026-02-27T22:16:21.130+0000] {manager.py:878} INFO - 
================================================================================
DAG File Processing Stats

File Path                          PID    Runtime      # DAGs    # Errors  Last Runtime    Last Run
---------------------------------  -----  ---------  --------  ----------  --------------  -------------------
/opt/airflow/dags/loan_dag.py                               1           0  0.67s           2026-02-27T22:16:01
/opt/airflow/dags/src/pipeline.py                           0           0  0.64s           2026-02-27T22:16:01
================================================================================
[2026-02-27T22:16:52.050+0000] {manager.py:878} INFO - 
================================================================================
DAG File Processing Stats

File Path                          PID    Runtime      # DAGs    # Errors  Last Runtime    Last Run
---------------------------------  -----  ---------  --------  ----------  --------------  -------------------
/opt/airflow/dags/loan_dag.py                               1           0  0.69s           2026-02-27T22:16:32
/opt/airflow/dags/src/pipeline.py                           0           0  0.67s           2026-02-27T22:16:32
================================================================================
[2026-02-27T22:17:23.036+0000] {manager.py:878} INFO - 
================================================================================
DAG File Processing Stats

File Path                          PID    Runtime      # DAGs    # Errors  Last Runtime    Last Run
---------------------------------  -----  ---------  --------  ----------  --------------  -------------------
/opt/airflow/dags/loan_dag.py                               1           0  0.71s           2026-02-27T22:17:03
/opt/airflow/dags/src/pipeline.py                           0           0  0.67s           2026-02-27T22:17:03
================================================================================
[2026-02-27T22:17:53.101+0000] {manager.py:878} INFO - 
================================================================================
DAG File Processing Stats

File Path                          PID    Runtime      # DAGs    # Errors  Last Runtime    Last Run
---------------------------------  -----  ---------  --------  ----------  --------------  -------------------
/opt/airflow/dags/loan_dag.py                               1           0  0.86s           2026-02-27T22:17:34
/opt/airflow/dags/src/pipeline.py                           0           0  0.83s           2026-02-27T22:17:34
================================================================================
[2026-02-27T22:18:15.358+0000] {manager.py:737} INFO - Searching for files in /opt/airflow/dags
[2026-02-27T22:18:15.377+0000] {manager.py:740} INFO - There are 2 files in /opt/airflow/dags
[2026-02-27T22:18:23.512+0000] {manager.py:878} INFO - 
================================================================================
DAG File Processing Stats

File Path                          PID    Runtime      # DAGs    # Errors  Last Runtime    Last Run
---------------------------------  -----  ---------  --------  ----------  --------------  -------------------
/opt/airflow/dags/loan_dag.py                               1           0  1.00s           2026-02-27T22:18:06
/opt/airflow/dags/src/pipeline.py                           0           0  0.96s           2026-02-27T22:18:06
================================================================================
[2026-02-27T22:18:53.547+0000] {manager.py:878} INFO - 
================================================================================
DAG File Processing Stats

File Path                          PID    Runtime      # DAGs    # Errors  Last Runtime    Last Run
---------------------------------  -----  ---------  --------  ----------  --------------  -------------------
/opt/airflow/dags/loan_dag.py                               1           0  0.79s           2026-02-27T22:18:37
/opt/airflow/dags/src/pipeline.py                           0           0  0.75s           2026-02-27T22:18:37
================================================================================
[2026-02-27T22:19:24.520+0000] {manager.py:878} INFO - 
================================================================================
DAG File Processing Stats

File Path                          PID    Runtime      # DAGs    # Errors  Last Runtime    Last Run
---------------------------------  -----  ---------  --------  ----------  --------------  -------------------
/opt/airflow/dags/loan_dag.py                               1           0  0.69s           2026-02-27T22:19:08
/opt/airflow/dags/src/pipeline.py                           0           0  0.66s           2026-02-27T22:19:08
================================================================================
[2026-02-27T22:19:54.763+0000] {manager.py:878} INFO - 
================================================================================
DAG File Processing Stats

File Path                          PID    Runtime      # DAGs    # Errors  Last Runtime    Last Run
---------------------------------  -----  ---------  --------  ----------  --------------  -------------------
/opt/airflow/dags/loan_dag.py                               1           0  0.96s           2026-02-27T22:19:39
/opt/airflow/dags/src/pipeline.py                           0           0  0.92s           2026-02-27T22:19:39
================================================================================
[2026-02-27T22:20:24.796+0000] {manager.py:878} INFO - 
================================================================================
DAG File Processing Stats

File Path                          PID    Runtime      # DAGs    # Errors  Last Runtime    Last Run
---------------------------------  -----  ---------  --------  ----------  --------------  -------------------
/opt/airflow/dags/loan_dag.py                               1           0  0.77s           2026-02-27T22:20:10
/opt/airflow/dags/src/pipeline.py                           0           0  0.73s           2026-02-27T22:20:10
================================================================================
[2026-02-27T22:20:54.827+0000] {manager.py:878} INFO - 
================================================================================
DAG File Processing Stats

File Path                          PID    Runtime      # DAGs    # Errors  Last Runtime    Last Run
---------------------------------  -----  ---------  --------  ----------  --------------  -------------------
/opt/airflow/dags/loan_dag.py                               1           0  0.78s           2026-02-27T22:20:41
/opt/airflow/dags/src/pipeline.py                           0           0  0.74s           2026-02-27T22:20:41
================================================================================
[2026-02-27T22:21:25.709+0000] {manager.py:878} INFO - 
================================================================================
DAG File Processing Stats

File Path                          PID    Runtime      # DAGs    # Errors  Last Runtime    Last Run
---------------------------------  -----  ---------  --------  ----------  --------------  -------------------
/opt/airflow/dags/loan_dag.py                               1           0  0.64s           2026-02-27T22:21:12
/opt/airflow/dags/src/pipeline.py                           0           0  0.60s           2026-02-27T22:21:12
================================================================================
[2026-02-27T22:21:56.592+0000] {manager.py:878} INFO - 
================================================================================
DAG File Processing Stats

File Path                          PID    Runtime      # DAGs    # Errors  Last Runtime    Last Run
---------------------------------  -----  ---------  --------  ----------  --------------  -------------------
/opt/airflow/dags/loan_dag.py                               1           0  0.65s           2026-02-27T22:21:43
/opt/airflow/dags/src/pipeline.py                           0           0  0.61s           2026-02-27T22:21:43
================================================================================
[2026-02-27T22:22:27.547+0000] {manager.py:878} INFO - 
================================================================================
DAG File Processing Stats

File Path                          PID    Runtime      # DAGs    # Errors  Last Runtime    Last Run
---------------------------------  -----  ---------  --------  ----------  --------------  -------------------
/opt/airflow/dags/loan_dag.py                               1           0  0.69s           2026-02-27T22:22:14
/opt/airflow/dags/src/pipeline.py                           0           0  0.65s           2026-02-27T22:22:14
================================================================================
[2026-02-27T22:22:57.696+0000] {manager.py:878} INFO - 
================================================================================
DAG File Processing Stats

File Path                          PID    Runtime      # DAGs    # Errors  Last Runtime    Last Run
---------------------------------  -----  ---------  --------  ----------  --------------  -------------------
/opt/airflow/dags/loan_dag.py                               1           0  0.83s           2026-02-27T22:22:45
/opt/airflow/dags/src/pipeline.py                           0           0  0.78s           2026-02-27T22:22:45
================================================================================
[2026-02-27T22:23:15.868+0000] {manager.py:737} INFO - Searching for files in /opt/airflow/dags
[2026-02-27T22:23:15.882+0000] {manager.py:740} INFO - There are 2 files in /opt/airflow/dags
[2026-02-27T22:23:27.728+0000] {manager.py:878} INFO - 
================================================================================
DAG File Processing Stats

File Path                          PID    Runtime      # DAGs    # Errors  Last Runtime    Last Run
---------------------------------  -----  ---------  --------  ----------  --------------  -------------------
/opt/airflow/dags/loan_dag.py                               1           0  0.75s           2026-02-27T22:23:16
/opt/airflow/dags/src/pipeline.py                           0           0  0.73s           2026-02-27T22:23:16
================================================================================
[2026-02-27T22:23:58.674+0000] {manager.py:878} INFO - 
================================================================================
DAG File Processing Stats

File Path                          PID    Runtime      # DAGs    # Errors  Last Runtime    Last Run
---------------------------------  -----  ---------  --------  ----------  --------------  -------------------
/opt/airflow/dags/loan_dag.py                               1           0  0.69s           2026-02-27T22:23:47
/opt/airflow/dags/src/pipeline.py                           0           0  0.66s           2026-02-27T22:23:47
================================================================================
[2026-02-27T22:24:29.587+0000] {manager.py:878} INFO - 
================================================================================
DAG File Processing Stats

File Path                          PID    Runtime      # DAGs    # Errors  Last Runtime    Last Run
---------------------------------  -----  ---------  --------  ----------  --------------  -------------------
/opt/airflow/dags/loan_dag.py                               1           0  0.66s           2026-02-27T22:24:18
/opt/airflow/dags/src/pipeline.py                           0           0  0.63s           2026-02-27T22:24:18
================================================================================
[2026-02-27T22:25:00.483+0000] {manager.py:878} INFO - 
================================================================================
DAG File Processing Stats

File Path                          PID    Runtime      # DAGs    # Errors  Last Runtime    Last Run
---------------------------------  -----  ---------  --------  ----------  --------------  -------------------
/opt/airflow/dags/loan_dag.py                               1           0  0.62s           2026-02-27T22:24:49
/opt/airflow/dags/src/pipeline.py                           0           0  0.59s           2026-02-27T22:24:49
================================================================================
[2026-02-27T22:25:31.424+0000] {manager.py:878} INFO - 
================================================================================
DAG File Processing Stats

File Path                          PID    Runtime      # DAGs    # Errors  Last Runtime    Last Run
---------------------------------  -----  ---------  --------  ----------  --------------  -------------------
/opt/airflow/dags/loan_dag.py                               1           0  0.71s           2026-02-27T22:25:20
/opt/airflow/dags/src/pipeline.py                           0           0  0.68s           2026-02-27T22:25:20
================================================================================
[2026-02-27T22:26:02.354+0000] {manager.py:878} INFO - 
================================================================================
DAG File Processing Stats

File Path                          PID    Runtime      # DAGs    # Errors  Last Runtime    Last Run
---------------------------------  -----  ---------  --------  ----------  --------------  -------------------
/opt/airflow/dags/loan_dag.py                               1           0  0.66s           2026-02-27T22:25:51
/opt/airflow/dags/src/pipeline.py                           0           0  0.63s           2026-02-27T22:25:51
================================================================================
[2026-02-27T22:26:33.272+0000] {manager.py:878} INFO - 
================================================================================
DAG File Processing Stats

File Path                          PID    Runtime      # DAGs    # Errors  Last Runtime    Last Run
---------------------------------  -----  ---------  --------  ----------  --------------  -------------------
/opt/airflow/dags/loan_dag.py                               1           0  0.65s           2026-02-27T22:26:22
/opt/airflow/dags/src/pipeline.py                           0           0  0.62s           2026-02-27T22:26:22
================================================================================
[2026-02-27T22:27:03.313+0000] {manager.py:878} INFO - 
================================================================================
DAG File Processing Stats

File Path                          PID    Runtime      # DAGs    # Errors  Last Runtime    Last Run
---------------------------------  -----  ---------  --------  ----------  --------------  -------------------
/opt/airflow/dags/loan_dag.py                               1           0  0.82s           2026-02-27T22:26:53
/opt/airflow/dags/src/pipeline.py                           0           0  0.78s           2026-02-27T22:26:53
================================================================================
[2026-02-27T22:27:34.317+0000] {manager.py:878} INFO - 
================================================================================
DAG File Processing Stats

File Path                          PID    Runtime      # DAGs    # Errors  Last Runtime    Last Run
---------------------------------  -----  ---------  --------  ----------  --------------  -------------------
/opt/airflow/dags/loan_dag.py                               1           0  0.73s           2026-02-27T22:27:24
/opt/airflow/dags/src/pipeline.py                           0           0  0.69s           2026-02-27T22:27:24
================================================================================
[2026-02-27T22:28:04.384+0000] {manager.py:878} INFO - 
================================================================================
DAG File Processing Stats

File Path                          PID    Runtime      # DAGs    # Errors  Last Runtime    Last Run
---------------------------------  -----  ---------  --------  ----------  --------------  -------------------
/opt/airflow/dags/loan_dag.py                               1           0  0.82s           2026-02-27T22:27:55
/opt/airflow/dags/src/pipeline.py                           0           0  0.78s           2026-02-27T22:27:55
================================================================================
[2026-02-27T22:28:16.480+0000] {manager.py:737} INFO - Searching for files in /opt/airflow/dags
[2026-02-27T22:28:16.493+0000] {manager.py:740} INFO - There are 2 files in /opt/airflow/dags
[2026-02-27T22:28:35.299+0000] {manager.py:878} INFO - 
================================================================================
DAG File Processing Stats

File Path                          PID    Runtime      # DAGs    # Errors  Last Runtime    Last Run
---------------------------------  -----  ---------  --------  ----------  --------------  -------------------
/opt/airflow/dags/loan_dag.py                               1           0  0.65s           2026-02-27T22:28:26
/opt/airflow/dags/src/pipeline.py                           0           0  0.62s           2026-02-27T22:28:26
================================================================================
[2026-02-27T22:29:06.281+0000] {manager.py:878} INFO - 
================================================================================
DAG File Processing Stats

File Path                          PID    Runtime      # DAGs    # Errors  Last Runtime    Last Run
---------------------------------  -----  ---------  --------  ----------  --------------  -------------------
/opt/airflow/dags/loan_dag.py                               1           0  0.75s           2026-02-27T22:28:57
/opt/airflow/dags/src/pipeline.py                           0           0  0.73s           2026-02-27T22:28:57
================================================================================
[2026-02-27T22:29:37.222+0000] {manager.py:878} INFO - 
================================================================================
DAG File Processing Stats

File Path                          PID    Runtime      # DAGs    # Errors  Last Runtime    Last Run
---------------------------------  -----  ---------  --------  ----------  --------------  -------------------
/opt/airflow/dags/loan_dag.py                               1           0  0.67s           2026-02-27T22:29:28
/opt/airflow/dags/src/pipeline.py                           0           0  0.65s           2026-02-27T22:29:28
================================================================================
