[2026-02-27T22:08:14.766+0000] {processor.py:161} INFO - Started process (PID=71) to work on /opt/airflow/dags/loan_dag.py
[2026-02-27T22:08:14.768+0000] {processor.py:830} INFO - Processing file /opt/airflow/dags/loan_dag.py for tasks to queue
[2026-02-27T22:08:14.770+0000] {logging_mixin.py:188} INFO - [2026-02-27T22:08:14.770+0000] {dagbag.py:545} INFO - Filling up the DagBag from /opt/airflow/dags/loan_dag.py
[2026-02-27T22:08:16.366+0000] {processor.py:840} INFO - DAG(s) 'Loan_Default_Prediction' retrieved from /opt/airflow/dags/loan_dag.py
[2026-02-27T22:08:16.473+0000] {logging_mixin.py:188} INFO - [2026-02-27T22:08:16.472+0000] {override.py:1829} INFO - Created Permission View: can read on DAG:Loan_Default_Prediction
[2026-02-27T22:08:16.475+0000] {logging_mixin.py:188} INFO - [2026-02-27T22:08:16.475+0000] {override.py:1829} INFO - Created Permission View: can edit on DAG:Loan_Default_Prediction
[2026-02-27T22:08:16.477+0000] {logging_mixin.py:188} INFO - [2026-02-27T22:08:16.477+0000] {override.py:1829} INFO - Created Permission View: can delete on DAG:Loan_Default_Prediction
[2026-02-27T22:08:16.477+0000] {logging_mixin.py:188} INFO - [2026-02-27T22:08:16.477+0000] {dag.py:3096} INFO - Sync 1 DAGs
[2026-02-27T22:08:16.481+0000] {logging_mixin.py:188} INFO - [2026-02-27T22:08:16.481+0000] {dag.py:3118} INFO - Creating ORM DAG for Loan_Default_Prediction
[2026-02-27T22:08:16.481+0000] {logging_mixin.py:188} INFO - [2026-02-27T22:08:16.481+0000] {dag.py:3954} INFO - Setting next_dagrun for Loan_Default_Prediction to None, run_after=None
[2026-02-27T22:08:16.488+0000] {processor.py:183} INFO - Processing /opt/airflow/dags/loan_dag.py took 1.725 seconds
[2026-02-27T22:08:46.617+0000] {processor.py:161} INFO - Started process (PID=100) to work on /opt/airflow/dags/loan_dag.py
[2026-02-27T22:08:46.620+0000] {processor.py:830} INFO - Processing file /opt/airflow/dags/loan_dag.py for tasks to queue
[2026-02-27T22:08:46.623+0000] {logging_mixin.py:188} INFO - [2026-02-27T22:08:46.622+0000] {dagbag.py:545} INFO - Filling up the DagBag from /opt/airflow/dags/loan_dag.py
[2026-02-27T22:08:47.390+0000] {processor.py:840} INFO - DAG(s) 'Loan_Default_Prediction' retrieved from /opt/airflow/dags/loan_dag.py
[2026-02-27T22:08:47.400+0000] {logging_mixin.py:188} INFO - [2026-02-27T22:08:47.400+0000] {dag.py:3096} INFO - Sync 1 DAGs
[2026-02-27T22:08:47.404+0000] {logging_mixin.py:188} INFO - [2026-02-27T22:08:47.404+0000] {dag.py:3954} INFO - Setting next_dagrun for Loan_Default_Prediction to None, run_after=None
[2026-02-27T22:08:47.409+0000] {processor.py:183} INFO - Processing /opt/airflow/dags/loan_dag.py took 0.798 seconds
[2026-02-27T22:09:17.756+0000] {processor.py:161} INFO - Started process (PID=136) to work on /opt/airflow/dags/loan_dag.py
[2026-02-27T22:09:17.758+0000] {processor.py:830} INFO - Processing file /opt/airflow/dags/loan_dag.py for tasks to queue
[2026-02-27T22:09:17.761+0000] {logging_mixin.py:188} INFO - [2026-02-27T22:09:17.760+0000] {dagbag.py:545} INFO - Filling up the DagBag from /opt/airflow/dags/loan_dag.py
[2026-02-27T22:09:18.441+0000] {processor.py:840} INFO - DAG(s) 'Loan_Default_Prediction' retrieved from /opt/airflow/dags/loan_dag.py
[2026-02-27T22:09:18.453+0000] {logging_mixin.py:188} INFO - [2026-02-27T22:09:18.453+0000] {dag.py:3096} INFO - Sync 1 DAGs
[2026-02-27T22:09:18.457+0000] {logging_mixin.py:188} INFO - [2026-02-27T22:09:18.457+0000] {dag.py:3954} INFO - Setting next_dagrun for Loan_Default_Prediction to None, run_after=None
[2026-02-27T22:09:18.463+0000] {processor.py:183} INFO - Processing /opt/airflow/dags/loan_dag.py took 0.717 seconds
[2026-02-27T22:09:48.779+0000] {processor.py:161} INFO - Started process (PID=166) to work on /opt/airflow/dags/loan_dag.py
[2026-02-27T22:09:48.780+0000] {processor.py:830} INFO - Processing file /opt/airflow/dags/loan_dag.py for tasks to queue
[2026-02-27T22:09:48.782+0000] {logging_mixin.py:188} INFO - [2026-02-27T22:09:48.781+0000] {dagbag.py:545} INFO - Filling up the DagBag from /opt/airflow/dags/loan_dag.py
[2026-02-27T22:09:49.382+0000] {processor.py:840} INFO - DAG(s) 'Loan_Default_Prediction' retrieved from /opt/airflow/dags/loan_dag.py
[2026-02-27T22:09:49.395+0000] {logging_mixin.py:188} INFO - [2026-02-27T22:09:49.395+0000] {dag.py:3096} INFO - Sync 1 DAGs
[2026-02-27T22:09:49.399+0000] {logging_mixin.py:188} INFO - [2026-02-27T22:09:49.399+0000] {dag.py:3954} INFO - Setting next_dagrun for Loan_Default_Prediction to None, run_after=None
[2026-02-27T22:09:49.405+0000] {processor.py:183} INFO - Processing /opt/airflow/dags/loan_dag.py took 0.636 seconds
[2026-02-27T22:10:19.708+0000] {processor.py:161} INFO - Started process (PID=196) to work on /opt/airflow/dags/loan_dag.py
[2026-02-27T22:10:19.709+0000] {processor.py:830} INFO - Processing file /opt/airflow/dags/loan_dag.py for tasks to queue
[2026-02-27T22:10:19.711+0000] {logging_mixin.py:188} INFO - [2026-02-27T22:10:19.710+0000] {dagbag.py:545} INFO - Filling up the DagBag from /opt/airflow/dags/loan_dag.py
[2026-02-27T22:10:20.348+0000] {processor.py:840} INFO - DAG(s) 'Loan_Default_Prediction' retrieved from /opt/airflow/dags/loan_dag.py
[2026-02-27T22:10:20.376+0000] {logging_mixin.py:188} INFO - [2026-02-27T22:10:20.376+0000] {dag.py:3096} INFO - Sync 1 DAGs
[2026-02-27T22:10:20.383+0000] {logging_mixin.py:188} INFO - [2026-02-27T22:10:20.382+0000] {dag.py:3954} INFO - Setting next_dagrun for Loan_Default_Prediction to None, run_after=None
[2026-02-27T22:10:20.395+0000] {processor.py:183} INFO - Processing /opt/airflow/dags/loan_dag.py took 0.697 seconds
[2026-02-27T22:10:50.709+0000] {processor.py:161} INFO - Started process (PID=226) to work on /opt/airflow/dags/loan_dag.py
[2026-02-27T22:10:50.710+0000] {processor.py:830} INFO - Processing file /opt/airflow/dags/loan_dag.py for tasks to queue
[2026-02-27T22:10:50.714+0000] {logging_mixin.py:188} INFO - [2026-02-27T22:10:50.714+0000] {dagbag.py:545} INFO - Filling up the DagBag from /opt/airflow/dags/loan_dag.py
[2026-02-27T22:10:51.419+0000] {processor.py:840} INFO - DAG(s) 'Loan_Default_Prediction' retrieved from /opt/airflow/dags/loan_dag.py
[2026-02-27T22:10:51.431+0000] {logging_mixin.py:188} INFO - [2026-02-27T22:10:51.431+0000] {dag.py:3096} INFO - Sync 1 DAGs
[2026-02-27T22:10:51.435+0000] {logging_mixin.py:188} INFO - [2026-02-27T22:10:51.435+0000] {dag.py:3954} INFO - Setting next_dagrun for Loan_Default_Prediction to None, run_after=None
[2026-02-27T22:10:51.445+0000] {processor.py:183} INFO - Processing /opt/airflow/dags/loan_dag.py took 0.745 seconds
[2026-02-27T22:11:21.782+0000] {processor.py:161} INFO - Started process (PID=256) to work on /opt/airflow/dags/loan_dag.py
[2026-02-27T22:11:21.783+0000] {processor.py:830} INFO - Processing file /opt/airflow/dags/loan_dag.py for tasks to queue
[2026-02-27T22:11:21.803+0000] {logging_mixin.py:188} INFO - [2026-02-27T22:11:21.802+0000] {dagbag.py:545} INFO - Filling up the DagBag from /opt/airflow/dags/loan_dag.py
[2026-02-27T22:11:22.493+0000] {processor.py:840} INFO - DAG(s) 'Loan_Default_Prediction' retrieved from /opt/airflow/dags/loan_dag.py
[2026-02-27T22:11:22.505+0000] {logging_mixin.py:188} INFO - [2026-02-27T22:11:22.505+0000] {dag.py:3096} INFO - Sync 1 DAGs
[2026-02-27T22:11:22.509+0000] {logging_mixin.py:188} INFO - [2026-02-27T22:11:22.509+0000] {dag.py:3954} INFO - Setting next_dagrun for Loan_Default_Prediction to None, run_after=None
[2026-02-27T22:11:22.515+0000] {processor.py:183} INFO - Processing /opt/airflow/dags/loan_dag.py took 0.752 seconds
[2026-02-27T22:11:52.807+0000] {processor.py:161} INFO - Started process (PID=286) to work on /opt/airflow/dags/loan_dag.py
[2026-02-27T22:11:52.808+0000] {processor.py:830} INFO - Processing file /opt/airflow/dags/loan_dag.py for tasks to queue
[2026-02-27T22:11:52.811+0000] {logging_mixin.py:188} INFO - [2026-02-27T22:11:52.811+0000] {dagbag.py:545} INFO - Filling up the DagBag from /opt/airflow/dags/loan_dag.py
[2026-02-27T22:11:53.490+0000] {processor.py:840} INFO - DAG(s) 'Loan_Default_Prediction' retrieved from /opt/airflow/dags/loan_dag.py
[2026-02-27T22:11:53.505+0000] {logging_mixin.py:188} INFO - [2026-02-27T22:11:53.505+0000] {dag.py:3096} INFO - Sync 1 DAGs
[2026-02-27T22:11:53.510+0000] {logging_mixin.py:188} INFO - [2026-02-27T22:11:53.510+0000] {dag.py:3954} INFO - Setting next_dagrun for Loan_Default_Prediction to None, run_after=None
[2026-02-27T22:11:53.515+0000] {processor.py:183} INFO - Processing /opt/airflow/dags/loan_dag.py took 0.719 seconds
[2026-02-27T22:12:23.790+0000] {processor.py:161} INFO - Started process (PID=316) to work on /opt/airflow/dags/loan_dag.py
[2026-02-27T22:12:23.791+0000] {processor.py:830} INFO - Processing file /opt/airflow/dags/loan_dag.py for tasks to queue
[2026-02-27T22:12:23.799+0000] {logging_mixin.py:188} INFO - [2026-02-27T22:12:23.799+0000] {dagbag.py:545} INFO - Filling up the DagBag from /opt/airflow/dags/loan_dag.py
[2026-02-27T22:12:24.659+0000] {processor.py:840} INFO - DAG(s) 'Loan_Default_Prediction' retrieved from /opt/airflow/dags/loan_dag.py
[2026-02-27T22:12:24.676+0000] {logging_mixin.py:188} INFO - [2026-02-27T22:12:24.676+0000] {dag.py:3096} INFO - Sync 1 DAGs
[2026-02-27T22:12:24.681+0000] {logging_mixin.py:188} INFO - [2026-02-27T22:12:24.681+0000] {dag.py:3954} INFO - Setting next_dagrun for Loan_Default_Prediction to None, run_after=None
[2026-02-27T22:12:24.687+0000] {processor.py:183} INFO - Processing /opt/airflow/dags/loan_dag.py took 0.910 seconds
[2026-02-27T22:12:54.997+0000] {processor.py:161} INFO - Started process (PID=346) to work on /opt/airflow/dags/loan_dag.py
[2026-02-27T22:12:54.998+0000] {processor.py:830} INFO - Processing file /opt/airflow/dags/loan_dag.py for tasks to queue
[2026-02-27T22:12:55.001+0000] {logging_mixin.py:188} INFO - [2026-02-27T22:12:55.000+0000] {dagbag.py:545} INFO - Filling up the DagBag from /opt/airflow/dags/loan_dag.py
[2026-02-27T22:12:55.751+0000] {processor.py:840} INFO - DAG(s) 'Loan_Default_Prediction' retrieved from /opt/airflow/dags/loan_dag.py
[2026-02-27T22:12:55.765+0000] {logging_mixin.py:188} INFO - [2026-02-27T22:12:55.765+0000] {dag.py:3096} INFO - Sync 1 DAGs
[2026-02-27T22:12:55.770+0000] {logging_mixin.py:188} INFO - [2026-02-27T22:12:55.770+0000] {dag.py:3954} INFO - Setting next_dagrun for Loan_Default_Prediction to None, run_after=None
[2026-02-27T22:12:55.776+0000] {processor.py:183} INFO - Processing /opt/airflow/dags/loan_dag.py took 0.786 seconds
[2026-02-27T22:13:26.100+0000] {processor.py:161} INFO - Started process (PID=376) to work on /opt/airflow/dags/loan_dag.py
[2026-02-27T22:13:26.101+0000] {processor.py:830} INFO - Processing file /opt/airflow/dags/loan_dag.py for tasks to queue
[2026-02-27T22:13:26.105+0000] {logging_mixin.py:188} INFO - [2026-02-27T22:13:26.104+0000] {dagbag.py:545} INFO - Filling up the DagBag from /opt/airflow/dags/loan_dag.py
[2026-02-27T22:13:26.835+0000] {processor.py:840} INFO - DAG(s) 'Loan_Default_Prediction' retrieved from /opt/airflow/dags/loan_dag.py
[2026-02-27T22:13:26.857+0000] {logging_mixin.py:188} INFO - [2026-02-27T22:13:26.857+0000] {dag.py:3096} INFO - Sync 1 DAGs
[2026-02-27T22:13:26.863+0000] {logging_mixin.py:188} INFO - [2026-02-27T22:13:26.863+0000] {dag.py:3954} INFO - Setting next_dagrun for Loan_Default_Prediction to None, run_after=None
[2026-02-27T22:13:26.869+0000] {processor.py:183} INFO - Processing /opt/airflow/dags/loan_dag.py took 0.777 seconds
[2026-02-27T22:13:57.156+0000] {processor.py:161} INFO - Started process (PID=406) to work on /opt/airflow/dags/loan_dag.py
[2026-02-27T22:13:57.157+0000] {processor.py:830} INFO - Processing file /opt/airflow/dags/loan_dag.py for tasks to queue
[2026-02-27T22:13:57.163+0000] {logging_mixin.py:188} INFO - [2026-02-27T22:13:57.162+0000] {dagbag.py:545} INFO - Filling up the DagBag from /opt/airflow/dags/loan_dag.py
[2026-02-27T22:13:57.991+0000] {processor.py:840} INFO - DAG(s) 'Loan_Default_Prediction' retrieved from /opt/airflow/dags/loan_dag.py
[2026-02-27T22:13:58.007+0000] {logging_mixin.py:188} INFO - [2026-02-27T22:13:58.007+0000] {dag.py:3096} INFO - Sync 1 DAGs
[2026-02-27T22:13:58.012+0000] {logging_mixin.py:188} INFO - [2026-02-27T22:13:58.012+0000] {dag.py:3954} INFO - Setting next_dagrun for Loan_Default_Prediction to None, run_after=None
[2026-02-27T22:13:58.021+0000] {processor.py:183} INFO - Processing /opt/airflow/dags/loan_dag.py took 0.876 seconds
[2026-02-27T22:14:28.290+0000] {processor.py:161} INFO - Started process (PID=436) to work on /opt/airflow/dags/loan_dag.py
[2026-02-27T22:14:28.290+0000] {processor.py:830} INFO - Processing file /opt/airflow/dags/loan_dag.py for tasks to queue
[2026-02-27T22:14:28.293+0000] {logging_mixin.py:188} INFO - [2026-02-27T22:14:28.292+0000] {dagbag.py:545} INFO - Filling up the DagBag from /opt/airflow/dags/loan_dag.py
[2026-02-27T22:14:28.995+0000] {processor.py:840} INFO - DAG(s) 'Loan_Default_Prediction' retrieved from /opt/airflow/dags/loan_dag.py
[2026-02-27T22:14:29.007+0000] {logging_mixin.py:188} INFO - [2026-02-27T22:14:29.007+0000] {dag.py:3096} INFO - Sync 1 DAGs
[2026-02-27T22:14:29.011+0000] {logging_mixin.py:188} INFO - [2026-02-27T22:14:29.011+0000] {dag.py:3954} INFO - Setting next_dagrun for Loan_Default_Prediction to None, run_after=None
[2026-02-27T22:14:29.016+0000] {processor.py:183} INFO - Processing /opt/airflow/dags/loan_dag.py took 0.737 seconds
[2026-02-27T22:14:59.294+0000] {processor.py:161} INFO - Started process (PID=466) to work on /opt/airflow/dags/loan_dag.py
[2026-02-27T22:14:59.296+0000] {processor.py:830} INFO - Processing file /opt/airflow/dags/loan_dag.py for tasks to queue
[2026-02-27T22:14:59.301+0000] {logging_mixin.py:188} INFO - [2026-02-27T22:14:59.300+0000] {dagbag.py:545} INFO - Filling up the DagBag from /opt/airflow/dags/loan_dag.py
[2026-02-27T22:14:59.996+0000] {processor.py:840} INFO - DAG(s) 'Loan_Default_Prediction' retrieved from /opt/airflow/dags/loan_dag.py
[2026-02-27T22:15:00.009+0000] {logging_mixin.py:188} INFO - [2026-02-27T22:15:00.008+0000] {dag.py:3096} INFO - Sync 1 DAGs
[2026-02-27T22:15:00.014+0000] {logging_mixin.py:188} INFO - [2026-02-27T22:15:00.014+0000] {dag.py:3954} INFO - Setting next_dagrun for Loan_Default_Prediction to None, run_after=None
[2026-02-27T22:15:00.019+0000] {processor.py:183} INFO - Processing /opt/airflow/dags/loan_dag.py took 0.744 seconds
[2026-02-27T22:15:30.313+0000] {processor.py:161} INFO - Started process (PID=497) to work on /opt/airflow/dags/loan_dag.py
[2026-02-27T22:15:30.315+0000] {processor.py:830} INFO - Processing file /opt/airflow/dags/loan_dag.py for tasks to queue
[2026-02-27T22:15:30.319+0000] {logging_mixin.py:188} INFO - [2026-02-27T22:15:30.318+0000] {dagbag.py:545} INFO - Filling up the DagBag from /opt/airflow/dags/loan_dag.py
[2026-02-27T22:15:31.026+0000] {processor.py:840} INFO - DAG(s) 'Loan_Default_Prediction' retrieved from /opt/airflow/dags/loan_dag.py
[2026-02-27T22:15:31.039+0000] {logging_mixin.py:188} INFO - [2026-02-27T22:15:31.039+0000] {dag.py:3096} INFO - Sync 1 DAGs
[2026-02-27T22:15:31.045+0000] {logging_mixin.py:188} INFO - [2026-02-27T22:15:31.045+0000] {dag.py:3954} INFO - Setting next_dagrun for Loan_Default_Prediction to None, run_after=None
[2026-02-27T22:15:31.051+0000] {processor.py:183} INFO - Processing /opt/airflow/dags/loan_dag.py took 0.751 seconds
[2026-02-27T22:16:01.344+0000] {processor.py:161} INFO - Started process (PID=527) to work on /opt/airflow/dags/loan_dag.py
[2026-02-27T22:16:01.347+0000] {processor.py:830} INFO - Processing file /opt/airflow/dags/loan_dag.py for tasks to queue
[2026-02-27T22:16:01.350+0000] {logging_mixin.py:188} INFO - [2026-02-27T22:16:01.350+0000] {dagbag.py:545} INFO - Filling up the DagBag from /opt/airflow/dags/loan_dag.py
[2026-02-27T22:16:01.959+0000] {processor.py:840} INFO - DAG(s) 'Loan_Default_Prediction' retrieved from /opt/airflow/dags/loan_dag.py
[2026-02-27T22:16:01.970+0000] {logging_mixin.py:188} INFO - [2026-02-27T22:16:01.970+0000] {dag.py:3096} INFO - Sync 1 DAGs
[2026-02-27T22:16:01.974+0000] {logging_mixin.py:188} INFO - [2026-02-27T22:16:01.974+0000] {dag.py:3954} INFO - Setting next_dagrun for Loan_Default_Prediction to None, run_after=None
[2026-02-27T22:16:01.979+0000] {processor.py:183} INFO - Processing /opt/airflow/dags/loan_dag.py took 0.647 seconds
[2026-02-27T22:16:32.210+0000] {processor.py:161} INFO - Started process (PID=557) to work on /opt/airflow/dags/loan_dag.py
[2026-02-27T22:16:32.211+0000] {processor.py:830} INFO - Processing file /opt/airflow/dags/loan_dag.py for tasks to queue
[2026-02-27T22:16:32.213+0000] {logging_mixin.py:188} INFO - [2026-02-27T22:16:32.213+0000] {dagbag.py:545} INFO - Filling up the DagBag from /opt/airflow/dags/loan_dag.py
[2026-02-27T22:16:32.863+0000] {processor.py:840} INFO - DAG(s) 'Loan_Default_Prediction' retrieved from /opt/airflow/dags/loan_dag.py
[2026-02-27T22:16:32.877+0000] {logging_mixin.py:188} INFO - [2026-02-27T22:16:32.876+0000] {dag.py:3096} INFO - Sync 1 DAGs
[2026-02-27T22:16:32.880+0000] {logging_mixin.py:188} INFO - [2026-02-27T22:16:32.880+0000] {dag.py:3954} INFO - Setting next_dagrun for Loan_Default_Prediction to None, run_after=None
[2026-02-27T22:16:32.885+0000] {processor.py:183} INFO - Processing /opt/airflow/dags/loan_dag.py took 0.681 seconds
[2026-02-27T22:17:03.193+0000] {processor.py:161} INFO - Started process (PID=587) to work on /opt/airflow/dags/loan_dag.py
[2026-02-27T22:17:03.194+0000] {processor.py:830} INFO - Processing file /opt/airflow/dags/loan_dag.py for tasks to queue
[2026-02-27T22:17:03.197+0000] {logging_mixin.py:188} INFO - [2026-02-27T22:17:03.197+0000] {dagbag.py:545} INFO - Filling up the DagBag from /opt/airflow/dags/loan_dag.py
[2026-02-27T22:17:03.843+0000] {processor.py:840} INFO - DAG(s) 'Loan_Default_Prediction' retrieved from /opt/airflow/dags/loan_dag.py
[2026-02-27T22:17:03.854+0000] {logging_mixin.py:188} INFO - [2026-02-27T22:17:03.854+0000] {dag.py:3096} INFO - Sync 1 DAGs
[2026-02-27T22:17:03.858+0000] {logging_mixin.py:188} INFO - [2026-02-27T22:17:03.858+0000] {dag.py:3954} INFO - Setting next_dagrun for Loan_Default_Prediction to None, run_after=None
[2026-02-27T22:17:03.864+0000] {processor.py:183} INFO - Processing /opt/airflow/dags/loan_dag.py took 0.681 seconds
[2026-02-27T22:17:34.139+0000] {processor.py:161} INFO - Started process (PID=617) to work on /opt/airflow/dags/loan_dag.py
[2026-02-27T22:17:34.141+0000] {processor.py:830} INFO - Processing file /opt/airflow/dags/loan_dag.py for tasks to queue
[2026-02-27T22:17:34.143+0000] {logging_mixin.py:188} INFO - [2026-02-27T22:17:34.143+0000] {dagbag.py:545} INFO - Filling up the DagBag from /opt/airflow/dags/loan_dag.py
[2026-02-27T22:17:34.938+0000] {processor.py:840} INFO - DAG(s) 'Loan_Default_Prediction' retrieved from /opt/airflow/dags/loan_dag.py
[2026-02-27T22:17:34.952+0000] {logging_mixin.py:188} INFO - [2026-02-27T22:17:34.952+0000] {dag.py:3096} INFO - Sync 1 DAGs
[2026-02-27T22:17:34.959+0000] {logging_mixin.py:188} INFO - [2026-02-27T22:17:34.958+0000] {dag.py:3954} INFO - Setting next_dagrun for Loan_Default_Prediction to None, run_after=None
[2026-02-27T22:17:34.967+0000] {processor.py:183} INFO - Processing /opt/airflow/dags/loan_dag.py took 0.836 seconds
[2026-02-27T22:18:05.252+0000] {processor.py:161} INFO - Started process (PID=647) to work on /opt/airflow/dags/loan_dag.py
[2026-02-27T22:18:05.255+0000] {processor.py:830} INFO - Processing file /opt/airflow/dags/loan_dag.py for tasks to queue
[2026-02-27T22:18:05.263+0000] {logging_mixin.py:188} INFO - [2026-02-27T22:18:05.263+0000] {dagbag.py:545} INFO - Filling up the DagBag from /opt/airflow/dags/loan_dag.py
[2026-02-27T22:18:06.177+0000] {processor.py:840} INFO - DAG(s) 'Loan_Default_Prediction' retrieved from /opt/airflow/dags/loan_dag.py
[2026-02-27T22:18:06.195+0000] {logging_mixin.py:188} INFO - [2026-02-27T22:18:06.195+0000] {dag.py:3096} INFO - Sync 1 DAGs
[2026-02-27T22:18:06.201+0000] {logging_mixin.py:188} INFO - [2026-02-27T22:18:06.201+0000] {dag.py:3954} INFO - Setting next_dagrun for Loan_Default_Prediction to None, run_after=None
[2026-02-27T22:18:06.207+0000] {processor.py:183} INFO - Processing /opt/airflow/dags/loan_dag.py took 0.969 seconds
[2026-02-27T22:18:36.665+0000] {processor.py:161} INFO - Started process (PID=677) to work on /opt/airflow/dags/loan_dag.py
[2026-02-27T22:18:36.667+0000] {processor.py:830} INFO - Processing file /opt/airflow/dags/loan_dag.py for tasks to queue
[2026-02-27T22:18:36.670+0000] {logging_mixin.py:188} INFO - [2026-02-27T22:18:36.669+0000] {dagbag.py:545} INFO - Filling up the DagBag from /opt/airflow/dags/loan_dag.py
[2026-02-27T22:18:37.387+0000] {processor.py:840} INFO - DAG(s) 'Loan_Default_Prediction' retrieved from /opt/airflow/dags/loan_dag.py
[2026-02-27T22:18:37.405+0000] {logging_mixin.py:188} INFO - [2026-02-27T22:18:37.404+0000] {dag.py:3096} INFO - Sync 1 DAGs
[2026-02-27T22:18:37.410+0000] {logging_mixin.py:188} INFO - [2026-02-27T22:18:37.410+0000] {dag.py:3954} INFO - Setting next_dagrun for Loan_Default_Prediction to None, run_after=None
[2026-02-27T22:18:37.416+0000] {processor.py:183} INFO - Processing /opt/airflow/dags/loan_dag.py took 0.764 seconds
[2026-02-27T22:19:07.705+0000] {processor.py:161} INFO - Started process (PID=707) to work on /opt/airflow/dags/loan_dag.py
[2026-02-27T22:19:07.707+0000] {processor.py:830} INFO - Processing file /opt/airflow/dags/loan_dag.py for tasks to queue
[2026-02-27T22:19:07.709+0000] {logging_mixin.py:188} INFO - [2026-02-27T22:19:07.708+0000] {dagbag.py:545} INFO - Filling up the DagBag from /opt/airflow/dags/loan_dag.py
[2026-02-27T22:19:08.333+0000] {processor.py:840} INFO - DAG(s) 'Loan_Default_Prediction' retrieved from /opt/airflow/dags/loan_dag.py
[2026-02-27T22:19:08.345+0000] {logging_mixin.py:188} INFO - [2026-02-27T22:19:08.344+0000] {dag.py:3096} INFO - Sync 1 DAGs
[2026-02-27T22:19:08.349+0000] {logging_mixin.py:188} INFO - [2026-02-27T22:19:08.348+0000] {dag.py:3954} INFO - Setting next_dagrun for Loan_Default_Prediction to None, run_after=None
[2026-02-27T22:19:08.354+0000] {processor.py:183} INFO - Processing /opt/airflow/dags/loan_dag.py took 0.663 seconds
[2026-02-27T22:19:38.677+0000] {processor.py:161} INFO - Started process (PID=737) to work on /opt/airflow/dags/loan_dag.py
[2026-02-27T22:19:38.679+0000] {processor.py:830} INFO - Processing file /opt/airflow/dags/loan_dag.py for tasks to queue
[2026-02-27T22:19:38.686+0000] {logging_mixin.py:188} INFO - [2026-02-27T22:19:38.684+0000] {dagbag.py:545} INFO - Filling up the DagBag from /opt/airflow/dags/loan_dag.py
[2026-02-27T22:19:39.573+0000] {processor.py:840} INFO - DAG(s) 'Loan_Default_Prediction' retrieved from /opt/airflow/dags/loan_dag.py
[2026-02-27T22:19:39.586+0000] {logging_mixin.py:188} INFO - [2026-02-27T22:19:39.586+0000] {dag.py:3096} INFO - Sync 1 DAGs
[2026-02-27T22:19:39.592+0000] {logging_mixin.py:188} INFO - [2026-02-27T22:19:39.592+0000] {dag.py:3954} INFO - Setting next_dagrun for Loan_Default_Prediction to None, run_after=None
[2026-02-27T22:19:39.599+0000] {processor.py:183} INFO - Processing /opt/airflow/dags/loan_dag.py took 0.935 seconds
[2026-02-27T22:20:09.942+0000] {processor.py:161} INFO - Started process (PID=767) to work on /opt/airflow/dags/loan_dag.py
[2026-02-27T22:20:09.944+0000] {processor.py:830} INFO - Processing file /opt/airflow/dags/loan_dag.py for tasks to queue
[2026-02-27T22:20:09.947+0000] {logging_mixin.py:188} INFO - [2026-02-27T22:20:09.946+0000] {dagbag.py:545} INFO - Filling up the DagBag from /opt/airflow/dags/loan_dag.py
[2026-02-27T22:20:10.644+0000] {processor.py:840} INFO - DAG(s) 'Loan_Default_Prediction' retrieved from /opt/airflow/dags/loan_dag.py
[2026-02-27T22:20:10.658+0000] {logging_mixin.py:188} INFO - [2026-02-27T22:20:10.658+0000] {dag.py:3096} INFO - Sync 1 DAGs
[2026-02-27T22:20:10.663+0000] {logging_mixin.py:188} INFO - [2026-02-27T22:20:10.663+0000] {dag.py:3954} INFO - Setting next_dagrun for Loan_Default_Prediction to None, run_after=None
[2026-02-27T22:20:10.668+0000] {processor.py:183} INFO - Processing /opt/airflow/dags/loan_dag.py took 0.740 seconds
[2026-02-27T22:20:40.979+0000] {processor.py:161} INFO - Started process (PID=797) to work on /opt/airflow/dags/loan_dag.py
[2026-02-27T22:20:40.983+0000] {processor.py:830} INFO - Processing file /opt/airflow/dags/loan_dag.py for tasks to queue
[2026-02-27T22:20:40.987+0000] {logging_mixin.py:188} INFO - [2026-02-27T22:20:40.986+0000] {dagbag.py:545} INFO - Filling up the DagBag from /opt/airflow/dags/loan_dag.py
[2026-02-27T22:20:41.691+0000] {processor.py:840} INFO - DAG(s) 'Loan_Default_Prediction' retrieved from /opt/airflow/dags/loan_dag.py
[2026-02-27T22:20:41.701+0000] {logging_mixin.py:188} INFO - [2026-02-27T22:20:41.700+0000] {dag.py:3096} INFO - Sync 1 DAGs
[2026-02-27T22:20:41.705+0000] {logging_mixin.py:188} INFO - [2026-02-27T22:20:41.704+0000] {dag.py:3954} INFO - Setting next_dagrun for Loan_Default_Prediction to None, run_after=None
[2026-02-27T22:20:41.710+0000] {processor.py:183} INFO - Processing /opt/airflow/dags/loan_dag.py took 0.747 seconds
[2026-02-27T22:21:12.001+0000] {processor.py:161} INFO - Started process (PID=827) to work on /opt/airflow/dags/loan_dag.py
[2026-02-27T22:21:12.003+0000] {processor.py:830} INFO - Processing file /opt/airflow/dags/loan_dag.py for tasks to queue
[2026-02-27T22:21:12.005+0000] {logging_mixin.py:188} INFO - [2026-02-27T22:21:12.004+0000] {dagbag.py:545} INFO - Filling up the DagBag from /opt/airflow/dags/loan_dag.py
[2026-02-27T22:21:12.581+0000] {processor.py:840} INFO - DAG(s) 'Loan_Default_Prediction' retrieved from /opt/airflow/dags/loan_dag.py
[2026-02-27T22:21:12.596+0000] {logging_mixin.py:188} INFO - [2026-02-27T22:21:12.595+0000] {dag.py:3096} INFO - Sync 1 DAGs
[2026-02-27T22:21:12.600+0000] {logging_mixin.py:188} INFO - [2026-02-27T22:21:12.600+0000] {dag.py:3954} INFO - Setting next_dagrun for Loan_Default_Prediction to None, run_after=None
[2026-02-27T22:21:12.605+0000] {processor.py:183} INFO - Processing /opt/airflow/dags/loan_dag.py took 0.614 seconds
[2026-02-27T22:21:42.873+0000] {processor.py:161} INFO - Started process (PID=857) to work on /opt/airflow/dags/loan_dag.py
[2026-02-27T22:21:42.875+0000] {processor.py:830} INFO - Processing file /opt/airflow/dags/loan_dag.py for tasks to queue
[2026-02-27T22:21:42.878+0000] {logging_mixin.py:188} INFO - [2026-02-27T22:21:42.878+0000] {dagbag.py:545} INFO - Filling up the DagBag from /opt/airflow/dags/loan_dag.py
[2026-02-27T22:21:43.464+0000] {processor.py:840} INFO - DAG(s) 'Loan_Default_Prediction' retrieved from /opt/airflow/dags/loan_dag.py
[2026-02-27T22:21:43.474+0000] {logging_mixin.py:188} INFO - [2026-02-27T22:21:43.474+0000] {dag.py:3096} INFO - Sync 1 DAGs
[2026-02-27T22:21:43.479+0000] {logging_mixin.py:188} INFO - [2026-02-27T22:21:43.479+0000] {dag.py:3954} INFO - Setting next_dagrun for Loan_Default_Prediction to None, run_after=None
[2026-02-27T22:21:43.484+0000] {processor.py:183} INFO - Processing /opt/airflow/dags/loan_dag.py took 0.623 seconds
[2026-02-27T22:22:13.795+0000] {processor.py:161} INFO - Started process (PID=887) to work on /opt/airflow/dags/loan_dag.py
[2026-02-27T22:22:13.796+0000] {processor.py:830} INFO - Processing file /opt/airflow/dags/loan_dag.py for tasks to queue
[2026-02-27T22:22:13.798+0000] {logging_mixin.py:188} INFO - [2026-02-27T22:22:13.797+0000] {dagbag.py:545} INFO - Filling up the DagBag from /opt/airflow/dags/loan_dag.py
[2026-02-27T22:22:14.419+0000] {processor.py:840} INFO - DAG(s) 'Loan_Default_Prediction' retrieved from /opt/airflow/dags/loan_dag.py
[2026-02-27T22:22:14.430+0000] {logging_mixin.py:188} INFO - [2026-02-27T22:22:14.430+0000] {dag.py:3096} INFO - Sync 1 DAGs
[2026-02-27T22:22:14.433+0000] {logging_mixin.py:188} INFO - [2026-02-27T22:22:14.433+0000] {dag.py:3954} INFO - Setting next_dagrun for Loan_Default_Prediction to None, run_after=None
[2026-02-27T22:22:14.438+0000] {processor.py:183} INFO - Processing /opt/airflow/dags/loan_dag.py took 0.655 seconds
[2026-02-27T22:22:44.790+0000] {processor.py:161} INFO - Started process (PID=917) to work on /opt/airflow/dags/loan_dag.py
[2026-02-27T22:22:44.792+0000] {processor.py:830} INFO - Processing file /opt/airflow/dags/loan_dag.py for tasks to queue
[2026-02-27T22:22:44.794+0000] {logging_mixin.py:188} INFO - [2026-02-27T22:22:44.794+0000] {dagbag.py:545} INFO - Filling up the DagBag from /opt/airflow/dags/loan_dag.py
[2026-02-27T22:22:45.532+0000] {processor.py:840} INFO - DAG(s) 'Loan_Default_Prediction' retrieved from /opt/airflow/dags/loan_dag.py
[2026-02-27T22:22:45.555+0000] {logging_mixin.py:188} INFO - [2026-02-27T22:22:45.555+0000] {dag.py:3096} INFO - Sync 1 DAGs
[2026-02-27T22:22:45.559+0000] {logging_mixin.py:188} INFO - [2026-02-27T22:22:45.559+0000] {dag.py:3954} INFO - Setting next_dagrun for Loan_Default_Prediction to None, run_after=None
[2026-02-27T22:22:45.565+0000] {processor.py:183} INFO - Processing /opt/airflow/dags/loan_dag.py took 0.785 seconds
[2026-02-27T22:23:15.916+0000] {processor.py:161} INFO - Started process (PID=947) to work on /opt/airflow/dags/loan_dag.py
[2026-02-27T22:23:15.917+0000] {processor.py:830} INFO - Processing file /opt/airflow/dags/loan_dag.py for tasks to queue
[2026-02-27T22:23:15.920+0000] {logging_mixin.py:188} INFO - [2026-02-27T22:23:15.919+0000] {dagbag.py:545} INFO - Filling up the DagBag from /opt/airflow/dags/loan_dag.py
[2026-02-27T22:23:16.617+0000] {processor.py:840} INFO - DAG(s) 'Loan_Default_Prediction' retrieved from /opt/airflow/dags/loan_dag.py
[2026-02-27T22:23:16.630+0000] {logging_mixin.py:188} INFO - [2026-02-27T22:23:16.629+0000] {dag.py:3096} INFO - Sync 1 DAGs
[2026-02-27T22:23:16.634+0000] {logging_mixin.py:188} INFO - [2026-02-27T22:23:16.634+0000] {dag.py:3954} INFO - Setting next_dagrun for Loan_Default_Prediction to None, run_after=None
[2026-02-27T22:23:16.640+0000] {processor.py:183} INFO - Processing /opt/airflow/dags/loan_dag.py took 0.733 seconds
[2026-02-27T22:23:46.920+0000] {processor.py:161} INFO - Started process (PID=977) to work on /opt/airflow/dags/loan_dag.py
[2026-02-27T22:23:46.922+0000] {processor.py:830} INFO - Processing file /opt/airflow/dags/loan_dag.py for tasks to queue
[2026-02-27T22:23:46.924+0000] {logging_mixin.py:188} INFO - [2026-02-27T22:23:46.924+0000] {dagbag.py:545} INFO - Filling up the DagBag from /opt/airflow/dags/loan_dag.py
[2026-02-27T22:23:47.551+0000] {processor.py:840} INFO - DAG(s) 'Loan_Default_Prediction' retrieved from /opt/airflow/dags/loan_dag.py
[2026-02-27T22:23:47.565+0000] {logging_mixin.py:188} INFO - [2026-02-27T22:23:47.565+0000] {dag.py:3096} INFO - Sync 1 DAGs
[2026-02-27T22:23:47.569+0000] {logging_mixin.py:188} INFO - [2026-02-27T22:23:47.569+0000] {dag.py:3954} INFO - Setting next_dagrun for Loan_Default_Prediction to None, run_after=None
[2026-02-27T22:23:47.575+0000] {processor.py:183} INFO - Processing /opt/airflow/dags/loan_dag.py took 0.664 seconds
[2026-02-27T22:24:17.871+0000] {processor.py:161} INFO - Started process (PID=1007) to work on /opt/airflow/dags/loan_dag.py
[2026-02-27T22:24:17.872+0000] {processor.py:830} INFO - Processing file /opt/airflow/dags/loan_dag.py for tasks to queue
[2026-02-27T22:24:17.874+0000] {logging_mixin.py:188} INFO - [2026-02-27T22:24:17.874+0000] {dagbag.py:545} INFO - Filling up the DagBag from /opt/airflow/dags/loan_dag.py
[2026-02-27T22:24:18.471+0000] {processor.py:840} INFO - DAG(s) 'Loan_Default_Prediction' retrieved from /opt/airflow/dags/loan_dag.py
[2026-02-27T22:24:18.485+0000] {logging_mixin.py:188} INFO - [2026-02-27T22:24:18.484+0000] {dag.py:3096} INFO - Sync 1 DAGs
[2026-02-27T22:24:18.491+0000] {logging_mixin.py:188} INFO - [2026-02-27T22:24:18.491+0000] {dag.py:3954} INFO - Setting next_dagrun for Loan_Default_Prediction to None, run_after=None
[2026-02-27T22:24:18.497+0000] {processor.py:183} INFO - Processing /opt/airflow/dags/loan_dag.py took 0.634 seconds
[2026-02-27T22:24:48.800+0000] {processor.py:161} INFO - Started process (PID=1037) to work on /opt/airflow/dags/loan_dag.py
[2026-02-27T22:24:48.801+0000] {processor.py:830} INFO - Processing file /opt/airflow/dags/loan_dag.py for tasks to queue
[2026-02-27T22:24:48.804+0000] {logging_mixin.py:188} INFO - [2026-02-27T22:24:48.803+0000] {dagbag.py:545} INFO - Filling up the DagBag from /opt/airflow/dags/loan_dag.py
[2026-02-27T22:24:49.367+0000] {processor.py:840} INFO - DAG(s) 'Loan_Default_Prediction' retrieved from /opt/airflow/dags/loan_dag.py
[2026-02-27T22:24:49.380+0000] {logging_mixin.py:188} INFO - [2026-02-27T22:24:49.380+0000] {dag.py:3096} INFO - Sync 1 DAGs
[2026-02-27T22:24:49.384+0000] {logging_mixin.py:188} INFO - [2026-02-27T22:24:49.384+0000] {dag.py:3954} INFO - Setting next_dagrun for Loan_Default_Prediction to None, run_after=None
[2026-02-27T22:24:49.389+0000] {processor.py:183} INFO - Processing /opt/airflow/dags/loan_dag.py took 0.598 seconds
[2026-02-27T22:25:19.661+0000] {processor.py:161} INFO - Started process (PID=1067) to work on /opt/airflow/dags/loan_dag.py
[2026-02-27T22:25:19.662+0000] {processor.py:830} INFO - Processing file /opt/airflow/dags/loan_dag.py for tasks to queue
[2026-02-27T22:25:19.664+0000] {logging_mixin.py:188} INFO - [2026-02-27T22:25:19.664+0000] {dagbag.py:545} INFO - Filling up the DagBag from /opt/airflow/dags/loan_dag.py
[2026-02-27T22:25:20.315+0000] {processor.py:840} INFO - DAG(s) 'Loan_Default_Prediction' retrieved from /opt/airflow/dags/loan_dag.py
[2026-02-27T22:25:20.335+0000] {logging_mixin.py:188} INFO - [2026-02-27T22:25:20.335+0000] {dag.py:3096} INFO - Sync 1 DAGs
[2026-02-27T22:25:20.340+0000] {logging_mixin.py:188} INFO - [2026-02-27T22:25:20.340+0000] {dag.py:3954} INFO - Setting next_dagrun for Loan_Default_Prediction to None, run_after=None
[2026-02-27T22:25:20.345+0000] {processor.py:183} INFO - Processing /opt/airflow/dags/loan_dag.py took 0.691 seconds
[2026-02-27T22:25:50.650+0000] {processor.py:161} INFO - Started process (PID=1103) to work on /opt/airflow/dags/loan_dag.py
[2026-02-27T22:25:50.652+0000] {processor.py:830} INFO - Processing file /opt/airflow/dags/loan_dag.py for tasks to queue
[2026-02-27T22:25:50.655+0000] {logging_mixin.py:188} INFO - [2026-02-27T22:25:50.654+0000] {dagbag.py:545} INFO - Filling up the DagBag from /opt/airflow/dags/loan_dag.py
[2026-02-27T22:25:51.261+0000] {processor.py:840} INFO - DAG(s) 'Loan_Default_Prediction' retrieved from /opt/airflow/dags/loan_dag.py
[2026-02-27T22:25:51.270+0000] {logging_mixin.py:188} INFO - [2026-02-27T22:25:51.270+0000] {dag.py:3096} INFO - Sync 1 DAGs
[2026-02-27T22:25:51.274+0000] {logging_mixin.py:188} INFO - [2026-02-27T22:25:51.274+0000] {dag.py:3954} INFO - Setting next_dagrun for Loan_Default_Prediction to None, run_after=None
[2026-02-27T22:25:51.279+0000] {processor.py:183} INFO - Processing /opt/airflow/dags/loan_dag.py took 0.640 seconds
[2026-02-27T22:26:21.571+0000] {processor.py:161} INFO - Started process (PID=1133) to work on /opt/airflow/dags/loan_dag.py
[2026-02-27T22:26:21.573+0000] {processor.py:830} INFO - Processing file /opt/airflow/dags/loan_dag.py for tasks to queue
[2026-02-27T22:26:21.576+0000] {logging_mixin.py:188} INFO - [2026-02-27T22:26:21.575+0000] {dagbag.py:545} INFO - Filling up the DagBag from /opt/airflow/dags/loan_dag.py
[2026-02-27T22:26:22.176+0000] {processor.py:840} INFO - DAG(s) 'Loan_Default_Prediction' retrieved from /opt/airflow/dags/loan_dag.py
[2026-02-27T22:26:22.186+0000] {logging_mixin.py:188} INFO - [2026-02-27T22:26:22.186+0000] {dag.py:3096} INFO - Sync 1 DAGs
[2026-02-27T22:26:22.190+0000] {logging_mixin.py:188} INFO - [2026-02-27T22:26:22.190+0000] {dag.py:3954} INFO - Setting next_dagrun for Loan_Default_Prediction to None, run_after=None
[2026-02-27T22:26:22.195+0000] {processor.py:183} INFO - Processing /opt/airflow/dags/loan_dag.py took 0.633 seconds
[2026-02-27T22:26:52.446+0000] {processor.py:161} INFO - Started process (PID=1163) to work on /opt/airflow/dags/loan_dag.py
[2026-02-27T22:26:52.447+0000] {processor.py:830} INFO - Processing file /opt/airflow/dags/loan_dag.py for tasks to queue
[2026-02-27T22:26:52.449+0000] {logging_mixin.py:188} INFO - [2026-02-27T22:26:52.448+0000] {dagbag.py:545} INFO - Filling up the DagBag from /opt/airflow/dags/loan_dag.py
